# JRE version: OpenJDK Runtime Environment (8.0_202-b03) (build 1.8.0_202-release-1483-b03)
# Java VM: OpenJDK 64-Bit Server VM (25.202-b03 mixed mode windows-amd64 compressed oops)
Heap:
 PSYoungGen      total 108544K, used 15807K [0x00000000e0000000, 0x00000000eba00000, 0x0000000100000000)
  eden space 97280K, 5% used [0x00000000e0000000,0x00000000e053f878,0x00000000e5f00000)
  from space 11264K, 92% used [0x00000000e5f00000,0x00000000e69303d0,0x00000000e6a00000)
  to   space 12800K, 0% used [0x00000000ead80000,0x00000000ead80000,0x00000000eba00000)
 ParOldGen       total 46592K, used 9970K [0x00000000a0000000, 0x00000000a2d80000, 0x00000000e0000000)
  object space 46592K, 21% used [0x00000000a0000000,0x00000000a09bc9e8,0x00000000a2d80000)
 Metaspace       used 30368K, capacity 30982K, committed 31104K, reserved 1075200K
  class space    used 4217K, capacity 4420K, committed 4480K, reserved 1048576K
GC Heap History (10 events):
Event: 3.158 GC heap before
{Heap before GC invocations=4 (full 0):
 PSYoungGen      total 28672K, used 28656K [0x00000000e0000000, 0x00000000e3800000, 0x0000000100000000)
  eden space 24576K, 100% used [0x00000000e0000000,0x00000000e1800000,0x00000000e1800000)
  from space 4096K, 99% used [0x00000000e1800000,0x00000000e1bfc010,0x00000000e1c00000)
  to   space 4096K, 0% used [0x00000000e3400000,0x00000000e3400000,0x00000000e3800000)
 ParOldGen       total 65536K, used 1055K [0x00000000a0000000, 0x00000000a4000000, 0x00000000e0000000)
  object space 65536K, 1% used [0x00000000a0000000,0x00000000a0107c28,0x00000000a4000000)
 Metaspace       used 13308K, capacity 13632K, committed 13824K, reserved 1060864K
  class space    used 1835K, capacity 1966K, committed 2048K, reserved 1048576K
Event: 3.173 GC heap after
Heap after GC invocations=4 (full 0):
 PSYoungGen      total 53248K, used 4064K [0x00000000e0000000, 0x00000000e3800000, 0x0000000100000000)
  eden space 49152K, 0% used [0x00000000e0000000,0x00000000e0000000,0x00000000e3000000)
  from space 4096K, 99% used [0x00000000e3400000,0x00000000e37f8020,0x00000000e3800000)
  to   space 4096K, 0% used [0x00000000e3000000,0x00000000e3000000,0x00000000e3400000)
 ParOldGen       total 65536K, used 3156K [0x00000000a0000000, 0x00000000a4000000, 0x00000000e0000000)
  object space 65536K, 4% used [0x00000000a0000000,0x00000000a0315140,0x00000000a4000000)
 Metaspace       used 13308K, capacity 13632K, committed 13824K, reserved 1060864K
  class space    used 1835K, capacity 1966K, committed 2048K, reserved 1048576K
}
Event: 6.122 GC heap before
{Heap before GC invocations=5 (full 0):
 PSYoungGen      total 53248K, used 53216K [0x00000000e0000000, 0x00000000e3800000, 0x0000000100000000)
  eden space 49152K, 100% used [0x00000000e0000000,0x00000000e3000000,0x00000000e3000000)
  from space 4096K, 99% used [0x00000000e3400000,0x00000000e37f8020,0x00000000e3800000)
  to   space 4096K, 0% used [0x00000000e3000000,0x00000000e3000000,0x00000000e3400000)
 ParOldGen       total 65536K, used 3156K [0x00000000a0000000, 0x00000000a4000000, 0x00000000e0000000)
  object space 65536K, 4% used [0x00000000a0000000,0x00000000a0315140,0x00000000a4000000)
 Metaspace       used 17379K, capacity 17842K, committed 18048K, reserved 1064960K
  class space    used 2508K, capacity 2649K, committed 2688K, reserved 1048576K
Event: 6.145 GC heap after
Heap after GC invocations=5 (full 0):
 PSYoungGen      total 53248K, used 4064K [0x00000000e0000000, 0x00000000e7400000, 0x0000000100000000)
  eden space 49152K, 0% used [0x00000000e0000000,0x00000000e0000000,0x00000000e3000000)
  from space 4096K, 99% used [0x00000000e3000000,0x00000000e33f8060,0x00000000e3400000)
  to   space 10240K, 0% used [0x00000000e6a00000,0x00000000e6a00000,0x00000000e7400000)
 ParOldGen       total 65536K, used 8691K [0x00000000a0000000, 0x00000000a4000000, 0x00000000e0000000)
  object space 65536K, 13% used [0x00000000a0000000,0x00000000a087cd98,0x00000000a4000000)
 Metaspace       used 17379K, capacity 17842K, committed 18048K, reserved 1064960K
  class space    used 2508K, capacity 2649K, committed 2688K, reserved 1048576K
}
Event: 10.775 GC heap before
{Heap before GC invocations=6 (full 0):
 PSYoungGen      total 53248K, used 35193K [0x00000000e0000000, 0x00000000e7400000, 0x0000000100000000)
  eden space 49152K, 63% used [0x00000000e0000000,0x00000000e1e66750,0x00000000e3000000)
  from space 4096K, 99% used [0x00000000e3000000,0x00000000e33f8060,0x00000000e3400000)
  to   space 10240K, 0% used [0x00000000e6a00000,0x00000000e6a00000,0x00000000e7400000)
 ParOldGen       total 65536K, used 8691K [0x00000000a0000000, 0x00000000a4000000, 0x00000000e0000000)
  object space 65536K, 13% used [0x00000000a0000000,0x00000000a087cd98,0x00000000a4000000)
 Metaspace       used 20730K, capacity 21176K, committed 21296K, reserved 1067008K
  class space    used 2960K, capacity 3125K, committed 3200K, reserved 1048576K
Event: 10.795 GC heap after
Heap after GC invocations=6 (full 0):
 PSYoungGen      total 107520K, used 8451K [0x00000000e0000000, 0x00000000e7600000, 0x0000000100000000)
  eden space 97280K, 0% used [0x00000000e0000000,0x00000000e0000000,0x00000000e5f00000)
  from space 10240K, 82% used [0x00000000e6a00000,0x00000000e7240f30,0x00000000e7400000)
  to   space 11264K, 0% used [0x00000000e5f00000,0x00000000e5f00000,0x00000000e6a00000)
 ParOldGen       total 65536K, used 8699K [0x00000000a0000000, 0x00000000a4000000, 0x00000000e0000000)
  object space 65536K, 13% used [0x00000000a0000000,0x00000000a087ed98,0x00000000a4000000)
 Metaspace       used 20730K, capacity 21176K, committed 21296K, reserved 1067008K
  class space    used 2960K, capacity 3125K, committed 3200K, reserved 1048576K
}
Event: 10.795 GC heap before
{Heap before GC invocations=7 (full 1):
 PSYoungGen      total 107520K, used 8451K [0x00000000e0000000, 0x00000000e7600000, 0x0000000100000000)
  eden space 97280K, 0% used [0x00000000e0000000,0x00000000e0000000,0x00000000e5f00000)
  from space 10240K, 82% used [0x00000000e6a00000,0x00000000e7240f30,0x00000000e7400000)
  to   space 11264K, 0% used [0x00000000e5f00000,0x00000000e5f00000,0x00000000e6a00000)
 ParOldGen       total 65536K, used 8699K [0x00000000a0000000, 0x00000000a4000000, 0x00000000e0000000)
  object space 65536K, 13% used [0x00000000a0000000,0x00000000a087ed98,0x00000000a4000000)
 Metaspace       used 20730K, capacity 21176K, committed 21296K, reserved 1067008K
  class space    used 2960K, capacity 3125K, committed 3200K, reserved 1048576K
Event: 10.878 GC heap after
Heap after GC invocations=7 (full 1):
 PSYoungGen      total 107520K, used 0K [0x00000000e0000000, 0x00000000e7600000, 0x0000000100000000)
  eden space 97280K, 0% used [0x00000000e0000000,0x00000000e0000000,0x00000000e5f00000)
  from space 10240K, 0% used [0x00000000e6a00000,0x00000000e6a00000,0x00000000e7400000)
  to   space 11264K, 0% used [0x00000000e5f00000,0x00000000e5f00000,0x00000000e6a00000)
 ParOldGen       total 46592K, used 9962K [0x00000000a0000000, 0x00000000a2d80000, 0x00000000e0000000)
  object space 46592K, 21% used [0x00000000a0000000,0x00000000a09ba9e8,0x00000000a2d80000)
 Metaspace       used 20730K, capacity 21176K, committed 21296K, reserved 1067008K
  class space    used 2960K, capacity 3125K, committed 3200K, reserved 1048576K
}
Event: 17.475 GC heap before
{Heap before GC invocations=8 (full 1):
 PSYoungGen      total 107520K, used 97280K [0x00000000e0000000, 0x00000000e7600000, 0x0000000100000000)
  eden space 97280K, 100% used [0x00000000e0000000,0x00000000e5f00000,0x00000000e5f00000)
  from space 10240K, 0% used [0x00000000e6a00000,0x00000000e6a00000,0x00000000e7400000)
  to   space 11264K, 0% used [0x00000000e5f00000,0x00000000e5f00000,0x00000000e6a00000)
 ParOldGen       total 46592K, used 9962K [0x00000000a0000000, 0x00000000a2d80000, 0x00000000e0000000)
  object space 46592K, 21% used [0x00000000a0000000,0x00000000a09ba9e8,0x00000000a2d80000)
 Metaspace       used 30273K, capacity 30862K, committed 31104K, reserved 1075200K
  class space    used 4203K, capacity 4404K, committed 4480K, reserved 1048576K
Event: 17.499 GC heap after
Heap after GC invocations=8 (full 1):
 PSYoungGen      total 108544K, used 10432K [0x00000000e0000000, 0x00000000eba00000, 0x0000000100000000)
  eden space 97280K, 0% used [0x00000000e0000000,0x00000000e0000000,0x00000000e5f00000)
  from space 11264K, 92% used [0x00000000e5f00000,0x00000000e69303d0,0x00000000e6a00000)
  to   space 12800K, 0% used [0x00000000ead80000,0x00000000ead80000,0x00000000eba00000)
 ParOldGen       total 46592K, used 9970K [0x00000000a0000000, 0x00000000a2d80000, 0x00000000e0000000)
  object space 46592K, 21% used [0x00000000a0000000,0x00000000a09bc9e8,0x00000000a2d80000)
 Metaspace       used 30273K, capacity 30862K, committed 31104K, reserved 1075200K
  class space    used 4203K, capacity 4404K, committed 4480K, reserved 1048576K
}

