# JRE version: OpenJDK Runtime Environment (8.0_202-b03) (build 1.8.0_202-release-1483-b03)
# Java VM: OpenJDK 64-Bit Server VM (25.202-b03 mixed mode windows-amd64 compressed oops)
Heap:
 PSYoungGen      total 269824K, used 53636K [0x00000000e0000000, 0x00000000f6500000, 0x0000000100000000)
  eden space 253952K, 14% used [0x00000000e0000000,0x00000000e24e4ae0,0x00000000ef800000)
  from space 15872K, 99% used [0x00000000f0d00000,0x00000000f1c7c638,0x00000000f1c80000)
  to   space 21504K, 0% used [0x00000000ef800000,0x00000000ef800000,0x00000000f0d00000)
 ParOldGen       total 68096K, used 27247K [0x00000000a0000000, 0x00000000a4280000, 0x00000000e0000000)
  object space 68096K, 40% used [0x00000000a0000000,0x00000000a1a9bdd8,0x00000000a4280000)
 Metaspace       used 55111K, capacity 56544K, committed 56664K, reserved 1097728K
  class space    used 7447K, capacity 7787K, committed 7808K, reserved 1048576K
GC Heap History (10 events):
Event: 10.611 GC heap before
{Heap before GC invocations=6 (full 1):
 PSYoungGen      total 102400K, used 4084K [0x00000000e0000000, 0x00000000ed700000, 0x0000000100000000)
  eden space 98304K, 0% used [0x00000000e0000000,0x00000000e0000000,0x00000000e6000000)
  from space 4096K, 99% used [0x00000000e6000000,0x00000000e63fd040,0x00000000e6400000)
  to   space 11776K, 0% used [0x00000000ecb80000,0x00000000ecb80000,0x00000000ed700000)
 ParOldGen       total 65536K, used 12939K [0x00000000a0000000, 0x00000000a4000000, 0x00000000e0000000)
  object space 65536K, 19% used [0x00000000a0000000,0x00000000a0ca2cb0,0x00000000a4000000)
 Metaspace       used 20769K, capacity 21120K, committed 21248K, reserved 1067008K
  class space    used 2916K, capacity 3062K, committed 3072K, reserved 1048576K
Event: 10.698 GC heap after
Heap after GC invocations=6 (full 1):
 PSYoungGen      total 102400K, used 0K [0x00000000e0000000, 0x00000000ed700000, 0x0000000100000000)
  eden space 98304K, 0% used [0x00000000e0000000,0x00000000e0000000,0x00000000e6000000)
  from space 4096K, 0% used [0x00000000e6000000,0x00000000e6000000,0x00000000e6400000)
  to   space 11776K, 0% used [0x00000000ecb80000,0x00000000ecb80000,0x00000000ed700000)
 ParOldGen       total 52736K, used 13235K [0x00000000a0000000, 0x00000000a3380000, 0x00000000e0000000)
  object space 52736K, 25% used [0x00000000a0000000,0x00000000a0cecda0,0x00000000a3380000)
 Metaspace       used 20769K, capacity 21120K, committed 21248K, reserved 1067008K
  class space    used 2916K, capacity 3062K, committed 3072K, reserved 1048576K
}
Event: 143.837 GC heap before
{Heap before GC invocations=7 (full 1):
 PSYoungGen      total 102400K, used 98304K [0x00000000e0000000, 0x00000000ed700000, 0x0000000100000000)
  eden space 98304K, 100% used [0x00000000e0000000,0x00000000e6000000,0x00000000e6000000)
  from space 4096K, 0% used [0x00000000e6000000,0x00000000e6000000,0x00000000e6400000)
  to   space 11776K, 0% used [0x00000000ecb80000,0x00000000ecb80000,0x00000000ed700000)
 ParOldGen       total 52736K, used 13235K [0x00000000a0000000, 0x00000000a3380000, 0x00000000e0000000)
  object space 52736K, 25% used [0x00000000a0000000,0x00000000a0cecda0,0x00000000a3380000)
 Metaspace       used 30014K, capacity 30504K, committed 30720K, reserved 1075200K
  class space    used 4060K, capacity 4235K, committed 4352K, reserved 1048576K
Event: 144.109 GC heap after
Heap after GC invocations=7 (full 1):
 PSYoungGen      total 172032K, used 10196K [0x00000000e0000000, 0x00000000ed580000, 0x0000000100000000)
  eden space 161792K, 0% used [0x00000000e0000000,0x00000000e0000000,0x00000000e9e00000)
  from space 10240K, 99% used [0x00000000ecb80000,0x00000000ed575178,0x00000000ed580000)
  to   space 13312K, 0% used [0x00000000ebb80000,0x00000000ebb80000,0x00000000ec880000)
 ParOldGen       total 52736K, used 13243K [0x00000000a0000000, 0x00000000a3380000, 0x00000000e0000000)
  object space 52736K, 25% used [0x00000000a0000000,0x00000000a0ceeda0,0x00000000a3380000)
 Metaspace       used 30014K, capacity 30504K, committed 30720K, reserved 1075200K
  class space    used 4060K, capacity 4235K, committed 4352K, reserved 1048576K
}
Event: 161.458 GC heap before
{Heap before GC invocations=8 (full 1):
 PSYoungGen      total 172032K, used 104629K [0x00000000e0000000, 0x00000000ed580000, 0x0000000100000000)
  eden space 161792K, 58% used [0x00000000e0000000,0x00000000e5c383c0,0x00000000e9e00000)
  from space 10240K, 99% used [0x00000000ecb80000,0x00000000ed575178,0x00000000ed580000)
  to   space 13312K, 0% used [0x00000000ebb80000,0x00000000ebb80000,0x00000000ec880000)
 ParOldGen       total 52736K, used 13243K [0x00000000a0000000, 0x00000000a3380000, 0x00000000e0000000)
  object space 52736K, 25% used [0x00000000a0000000,0x00000000a0ceeda0,0x00000000a3380000)
 Metaspace       used 34753K, capacity 35370K, committed 35416K, reserved 1079296K
  class space    used 4780K, capacity 4959K, committed 4992K, reserved 1048576K
Event: 161.563 GC heap after
Heap after GC invocations=8 (full 1):
 PSYoungGen      total 205312K, used 13304K [0x00000000e0000000, 0x00000000f1c80000, 0x0000000100000000)
  eden space 192000K, 0% used [0x00000000e0000000,0x00000000e0000000,0x00000000ebb80000)
  from space 13312K, 99% used [0x00000000ebb80000,0x00000000ec87e3b0,0x00000000ec880000)
  to   space 15872K, 0% used [0x00000000f0d00000,0x00000000f0d00000,0x00000000f1c80000)
 ParOldGen       total 52736K, used 13572K [0x00000000a0000000, 0x00000000a3380000, 0x00000000e0000000)
  object space 52736K, 25% used [0x00000000a0000000,0x00000000a0d41330,0x00000000a3380000)
 Metaspace       used 34753K, capacity 35370K, committed 35416K, reserved 1079296K
  class space    used 4780K, capacity 4959K, committed 4992K, reserved 1048576K
}
Event: 161.563 GC heap before
{Heap before GC invocations=9 (full 2):
 PSYoungGen      total 205312K, used 13304K [0x00000000e0000000, 0x00000000f1c80000, 0x0000000100000000)
  eden space 192000K, 0% used [0x00000000e0000000,0x00000000e0000000,0x00000000ebb80000)
  from space 13312K, 99% used [0x00000000ebb80000,0x00000000ec87e3b0,0x00000000ec880000)
  to   space 15872K, 0% used [0x00000000f0d00000,0x00000000f0d00000,0x00000000f1c80000)
 ParOldGen       total 52736K, used 13572K [0x00000000a0000000, 0x00000000a3380000, 0x00000000e0000000)
  object space 52736K, 25% used [0x00000000a0000000,0x00000000a0d41330,0x00000000a3380000)
 Metaspace       used 34753K, capacity 35370K, committed 35416K, reserved 1079296K
  class space    used 4780K, capacity 4959K, committed 4992K, reserved 1048576K
Event: 161.825 GC heap after
Heap after GC invocations=9 (full 2):
 PSYoungGen      total 205312K, used 0K [0x00000000e0000000, 0x00000000f1c80000, 0x0000000100000000)
  eden space 192000K, 0% used [0x00000000e0000000,0x00000000e0000000,0x00000000ebb80000)
  from space 13312K, 0% used [0x00000000ebb80000,0x00000000ebb80000,0x00000000ec880000)
  to   space 15872K, 0% used [0x00000000f0d00000,0x00000000f0d00000,0x00000000f1c80000)
 ParOldGen       total 68096K, used 19695K [0x00000000a0000000, 0x00000000a4280000, 0x00000000e0000000)
  object space 68096K, 28% used [0x00000000a0000000,0x00000000a133bf98,0x00000000a4280000)
 Metaspace       used 34744K, capacity 35340K, committed 35416K, reserved 1079296K
  class space    used 4778K, capacity 4954K, committed 4992K, reserved 1048576K
}
Event: 195.779 GC heap before
{Heap before GC invocations=10 (full 2):
 PSYoungGen      total 205312K, used 192000K [0x00000000e0000000, 0x00000000f1c80000, 0x0000000100000000)
  eden space 192000K, 100% used [0x00000000e0000000,0x00000000ebb80000,0x00000000ebb80000)
  from space 13312K, 0% used [0x00000000ebb80000,0x00000000ebb80000,0x00000000ec880000)
  to   space 15872K, 0% used [0x00000000f0d00000,0x00000000f0d00000,0x00000000f1c80000)
 ParOldGen       total 68096K, used 19695K [0x00000000a0000000, 0x00000000a4280000, 0x00000000e0000000)
  object space 68096K, 28% used [0x00000000a0000000,0x00000000a133bf98,0x00000000a4280000)
 Metaspace       used 52041K, capacity 53438K, committed 53592K, reserved 1095680K
  class space    used 7039K, capacity 7438K, committed 7552K, reserved 1048576K
Event: 195.930 GC heap after
Heap after GC invocations=10 (full 2):
 PSYoungGen      total 269824K, used 15857K [0x00000000e0000000, 0x00000000f6500000, 0x0000000100000000)
  eden space 253952K, 0% used [0x00000000e0000000,0x00000000e0000000,0x00000000ef800000)
  from space 15872K, 99% used [0x00000000f0d00000,0x00000000f1c7c638,0x00000000f1c80000)
  to   space 21504K, 0% used [0x00000000ef800000,0x00000000ef800000,0x00000000f0d00000)
 ParOldGen       total 68096K, used 27247K [0x00000000a0000000, 0x00000000a4280000, 0x00000000e0000000)
  object space 68096K, 40% used [0x00000000a0000000,0x00000000a1a9bdd8,0x00000000a4280000)
 Metaspace       used 52041K, capacity 53438K, committed 53592K, reserved 1095680K
  class space    used 7039K, capacity 7438K, committed 7552K, reserved 1048576K
}

