# JRE version: OpenJDK Runtime Environment (8.0_202-b03) (build 1.8.0_202-release-1483-b03)
# Java VM: OpenJDK 64-Bit Server VM (25.202-b03 mixed mode windows-amd64 compressed oops)
Heap:
 PSYoungGen      total 313344K, used 19614K [0x00000000e0000000, 0x00000000faf80000, 0x0000000100000000)
  eden space 292352K, 0% used [0x00000000e0000000,0x00000000e0000000,0x00000000f1d80000)
  from space 20992K, 93% used [0x00000000f1d80000,0x00000000f30a79d8,0x00000000f3200000)
  to   space 23552K, 0% used [0x00000000f9880000,0x00000000f9880000,0x00000000faf80000)
 ParOldGen       total 65024K, used 27168K [0x00000000a0000000, 0x00000000a3f80000, 0x00000000e0000000)
  object space 65024K, 41% used [0x00000000a0000000,0x00000000a1a88088,0x00000000a3f80000)
 Metaspace       used 57087K, capacity 59084K, committed 59160K, reserved 1099776K
  class space    used 7793K, capacity 8247K, committed 8320K, reserved 1048576K
GC Heap History (10 events):
Event: 6.402 GC heap after
Heap after GC invocations=7 (full 1):
 PSYoungGen      total 184320K, used 10495K [0x00000000e0000000, 0x00000000ed680000, 0x0000000100000000)
  eden space 173568K, 0% used [0x00000000e0000000,0x00000000e0000000,0x00000000ea980000)
  from space 10752K, 97% used [0x00000000ecc00000,0x00000000ed63ff68,0x00000000ed680000)
  to   space 13824K, 0% used [0x00000000ebb80000,0x00000000ebb80000,0x00000000ec900000)
 ParOldGen       total 51200K, used 13944K [0x00000000a0000000, 0x00000000a3200000, 0x00000000e0000000)
  object space 51200K, 27% used [0x00000000a0000000,0x00000000a0d9e178,0x00000000a3200000)
 Metaspace       used 30229K, capacity 30798K, committed 31104K, reserved 1075200K
  class space    used 4193K, capacity 4404K, committed 4480K, reserved 1048576K
}
Event: 10.019 GC heap before
{Heap before GC invocations=8 (full 1):
 PSYoungGen      total 184320K, used 93529K [0x00000000e0000000, 0x00000000ed680000, 0x0000000100000000)
  eden space 173568K, 47% used [0x00000000e0000000,0x00000000e51164a0,0x00000000ea980000)
  from space 10752K, 97% used [0x00000000ecc00000,0x00000000ed63ff68,0x00000000ed680000)
  to   space 13824K, 0% used [0x00000000ebb80000,0x00000000ebb80000,0x00000000ec900000)
 ParOldGen       total 51200K, used 13944K [0x00000000a0000000, 0x00000000a3200000, 0x00000000e0000000)
  object space 51200K, 27% used [0x00000000a0000000,0x00000000a0d9e178,0x00000000a3200000)
 Metaspace       used 34594K, capacity 35464K, committed 35496K, reserved 1079296K
  class space    used 4772K, capacity 4992K, committed 4992K, reserved 1048576K
Event: 10.050 GC heap after
Heap after GC invocations=8 (full 1):
 PSYoungGen      total 205824K, used 11498K [0x00000000e0000000, 0x00000000f4080000, 0x0000000100000000)
  eden space 192000K, 0% used [0x00000000e0000000,0x00000000e0000000,0x00000000ebb80000)
  from space 13824K, 83% used [0x00000000ebb80000,0x00000000ec6bab90,0x00000000ec900000)
  to   space 14848K, 0% used [0x00000000f3200000,0x00000000f3200000,0x00000000f4080000)
 ParOldGen       total 51200K, used 13952K [0x00000000a0000000, 0x00000000a3200000, 0x00000000e0000000)
  object space 51200K, 27% used [0x00000000a0000000,0x00000000a0da0178,0x00000000a3200000)
 Metaspace       used 34594K, capacity 35464K, committed 35496K, reserved 1079296K
  class space    used 4772K, capacity 4992K, committed 4992K, reserved 1048576K
}
Event: 10.050 GC heap before
{Heap before GC invocations=9 (full 2):
 PSYoungGen      total 205824K, used 11498K [0x00000000e0000000, 0x00000000f4080000, 0x0000000100000000)
  eden space 192000K, 0% used [0x00000000e0000000,0x00000000e0000000,0x00000000ebb80000)
  from space 13824K, 83% used [0x00000000ebb80000,0x00000000ec6bab90,0x00000000ec900000)
  to   space 14848K, 0% used [0x00000000f3200000,0x00000000f3200000,0x00000000f4080000)
 ParOldGen       total 51200K, used 13952K [0x00000000a0000000, 0x00000000a3200000, 0x00000000e0000000)
  object space 51200K, 27% used [0x00000000a0000000,0x00000000a0da0178,0x00000000a3200000)
 Metaspace       used 34594K, capacity 35464K, committed 35496K, reserved 1079296K
  class space    used 4772K, capacity 4992K, committed 4992K, reserved 1048576K
Event: 10.216 GC heap after
Heap after GC invocations=9 (full 2):
 PSYoungGen      total 205824K, used 0K [0x00000000e0000000, 0x00000000f4080000, 0x0000000100000000)
  eden space 192000K, 0% used [0x00000000e0000000,0x00000000e0000000,0x00000000ebb80000)
  from space 13824K, 0% used [0x00000000ebb80000,0x00000000ebb80000,0x00000000ec900000)
  to   space 14848K, 0% used [0x00000000f3200000,0x00000000f3200000,0x00000000f4080000)
 ParOldGen       total 65024K, used 18452K [0x00000000a0000000, 0x00000000a3f80000, 0x00000000e0000000)
  object space 65024K, 28% used [0x00000000a0000000,0x00000000a1205058,0x00000000a3f80000)
 Metaspace       used 34594K, capacity 35464K, committed 35496K, reserved 1079296K
  class space    used 4772K, capacity 4992K, committed 4992K, reserved 1048576K
}
Event: 24.888 GC heap before
{Heap before GC invocations=10 (full 2):
 PSYoungGen      total 205824K, used 192000K [0x00000000e0000000, 0x00000000f4080000, 0x0000000100000000)
  eden space 192000K, 100% used [0x00000000e0000000,0x00000000ebb80000,0x00000000ebb80000)
  from space 13824K, 0% used [0x00000000ebb80000,0x00000000ebb80000,0x00000000ec900000)
  to   space 14848K, 0% used [0x00000000f3200000,0x00000000f3200000,0x00000000f4080000)
 ParOldGen       total 65024K, used 18452K [0x00000000a0000000, 0x00000000a3f80000, 0x00000000e0000000)
  object space 65024K, 28% used [0x00000000a0000000,0x00000000a1205058,0x00000000a3f80000)
 Metaspace       used 51011K, capacity 52662K, committed 52864K, reserved 1095680K
  class space    used 6897K, capacity 7275K, committed 7296K, reserved 1048576K
Event: 24.936 GC heap after
Heap after GC invocations=10 (full 2):
 PSYoungGen      total 307200K, used 14843K [0x00000000e0000000, 0x00000000f5900000, 0x0000000100000000)
  eden space 292352K, 0% used [0x00000000e0000000,0x00000000e0000000,0x00000000f1d80000)
  from space 14848K, 99% used [0x00000000f3200000,0x00000000f407ecb0,0x00000000f4080000)
  to   space 20992K, 0% used [0x00000000f1d80000,0x00000000f1d80000,0x00000000f3200000)
 ParOldGen       total 65024K, used 27096K [0x00000000a0000000, 0x00000000a3f80000, 0x00000000e0000000)
  object space 65024K, 41% used [0x00000000a0000000,0x00000000a1a76078,0x00000000a3f80000)
 Metaspace       used 51011K, capacity 52662K, committed 52864K, reserved 1095680K
  class space    used 6897K, capacity 7275K, committed 7296K, reserved 1048576K
}
Event: 30.300 GC heap before
{Heap before GC invocations=11 (full 2):
 PSYoungGen      total 307200K, used 120252K [0x00000000e0000000, 0x00000000f5900000, 0x0000000100000000)
  eden space 292352K, 36% used [0x00000000e0000000,0x00000000e66f0718,0x00000000f1d80000)
  from space 14848K, 99% used [0x00000000f3200000,0x00000000f407ecb0,0x00000000f4080000)
  to   space 20992K, 0% used [0x00000000f1d80000,0x00000000f1d80000,0x00000000f3200000)
 ParOldGen       total 65024K, used 27096K [0x00000000a0000000, 0x00000000a3f80000, 0x00000000e0000000)
  object space 65024K, 41% used [0x00000000a0000000,0x00000000a1a76078,0x00000000a3f80000)
 Metaspace       used 57087K, capacity 59084K, committed 59160K, reserved 1099776K
  class space    used 7793K, capacity 8247K, committed 8320K, reserved 1048576K
Event: 30.396 GC heap after
Heap after GC invocations=11 (full 2):
 PSYoungGen      total 313344K, used 19614K [0x00000000e0000000, 0x00000000faf80000, 0x0000000100000000)
  eden space 292352K, 0% used [0x00000000e0000000,0x00000000e0000000,0x00000000f1d80000)
  from space 20992K, 93% used [0x00000000f1d80000,0x00000000f30a79d8,0x00000000f3200000)
  to   space 23552K, 0% used [0x00000000f9880000,0x00000000f9880000,0x00000000faf80000)
 ParOldGen       total 65024K, used 27168K [0x00000000a0000000, 0x00000000a3f80000, 0x00000000e0000000)
  object space 65024K, 41% used [0x00000000a0000000,0x00000000a1a88088,0x00000000a3f80000)
 Metaspace       used 57087K, capacity 59084K, committed 59160K, reserved 1099776K
  class space    used 7793K, capacity 8247K, committed 8320K, reserved 1048576K
}
Event: 30.396 GC heap before
{Heap before GC invocations=12 (full 3):
 PSYoungGen      total 313344K, used 19614K [0x00000000e0000000, 0x00000000faf80000, 0x0000000100000000)
  eden space 292352K, 0% used [0x00000000e0000000,0x00000000e0000000,0x00000000f1d80000)
  from space 20992K, 93% used [0x00000000f1d80000,0x00000000f30a79d8,0x00000000f3200000)
  to   space 23552K, 0% used [0x00000000f9880000,0x00000000f9880000,0x00000000faf80000)
 ParOldGen       total 65024K, used 27168K [0x00000000a0000000, 0x00000000a3f80000, 0x00000000e0000000)
  object space 65024K, 41% used [0x00000000a0000000,0x00000000a1a88088,0x00000000a3f80000)
 Metaspace       used 57087K, capacity 59084K, committed 59160K, reserved 1099776K
  class space    used 7793K, capacity 8247K, committed 8320K, reserved 1048576K

